<<<<<<< HEAD
c:\users\160324t\documents\agdev\base\debug\vc140.pdb
c:\users\160324t\documents\agdev\base\debug\vc140.idb
c:\users\160324t\documents\agdev\base\debug\particlesgenerator.obj
c:\users\160324t\documents\agdev\base\debug\playerinfo.obj
c:\users\160324t\documents\agdev\base\debug\grenade.obj
c:\users\160324t\documents\agdev\base\debug\laser.obj
c:\users\160324t\documents\agdev\base\debug\projectile.obj
c:\users\160324t\documents\agdev\base\debug\scenegraph.obj
c:\users\160324t\documents\agdev\base\debug\scenenode.obj
c:\users\160324t\documents\agdev\base\debug\scenetext.obj
c:\users\160324t\documents\agdev\base\debug\skyboxentity.obj
c:\users\160324t\documents\agdev\base\debug\grid.obj
c:\users\160324t\documents\agdev\base\debug\spatialpartition.obj
c:\users\160324t\documents\agdev\base\debug\spriteentity.obj
c:\users\160324t\documents\agdev\base\debug\dummy.obj
c:\users\160324t\documents\agdev\base\debug\textentity.obj
c:\users\160324t\documents\agdev\base\debug\transform.obj
c:\users\160324t\documents\agdev\base\debug\updatetransformation.obj
c:\users\160324t\documents\agdev\base\debug\grenadethrow.obj
c:\users\160324t\documents\agdev\base\debug\laserblaster.obj
c:\users\160324t\documents\agdev\base\debug\pistol.obj
c:\users\160324t\documents\agdev\base\debug\weaponinfo.obj
c:\users\160324t\documents\agdev\base\debug\application.obj
c:\users\160324t\documents\agdev\base\debug\enemy.obj
c:\users\160324t\documents\agdev\base\debug\entitymanager.obj
c:\users\160324t\documents\agdev\base\debug\fpscamera.obj
c:\users\160324t\documents\agdev\base\debug\genericentity.obj
c:\users\160324t\documents\agdev\base\debug\groundentity.obj
c:\users\160324t\documents\agdev\base\debug\levelofdetails.obj
c:\users\160324t\documents\agdev\base\debug\light.obj
c:\users\160324t\documents\agdev\base\debug\luainterface.obj
c:\users\160324t\documents\agdev\base\debug\main.obj
c:\users\160324t\documents\agdev\base\debug\objmesh.obj
c:\users\160324t\documents\agdev\base\debug\particles.obj
c:\users\160324t\documents\agdev\debug\base.pdb
c:\users\160324t\documents\agdev\base\debug\base.tlog\cl.command.1.tlog
c:\users\160324t\documents\agdev\base\debug\base.tlog\cl.read.1.tlog
c:\users\160324t\documents\agdev\base\debug\base.tlog\cl.write.1.tlog
c:\users\160324t\documents\agdev\base\debug\base.tlog\link-cvtres.read.1.tlog
c:\users\160324t\documents\agdev\base\debug\base.tlog\link-cvtres.write.1.tlog
c:\users\160324t\documents\agdev\base\debug\base.tlog\link-rc.read.1.tlog
c:\users\160324t\documents\agdev\base\debug\base.tlog\link-rc.write.1.tlog
c:\users\160324t\documents\agdev\base\debug\base.tlog\link.command.1.tlog
c:\users\160324t\documents\agdev\base\debug\base.tlog\link.read.1.tlog
c:\users\160324t\documents\agdev\base\debug\base.tlog\link.write.1.tlog
=======
c:\users\janra\desktop\agdev\base\debug\vc140.pdb
c:\users\janra\desktop\agdev\base\debug\vc140.idb
c:\users\janra\desktop\agdev\base\debug\particlesgenerator.obj
c:\users\janra\desktop\agdev\base\debug\playerinfo.obj
c:\users\janra\desktop\agdev\base\debug\grenade.obj
c:\users\janra\desktop\agdev\base\debug\laser.obj
c:\users\janra\desktop\agdev\base\debug\projectile.obj
c:\users\janra\desktop\agdev\base\debug\scenegraph.obj
c:\users\janra\desktop\agdev\base\debug\scenenode.obj
c:\users\janra\desktop\agdev\base\debug\scenetext.obj
c:\users\janra\desktop\agdev\base\debug\skyboxentity.obj
c:\users\janra\desktop\agdev\base\debug\grid.obj
c:\users\janra\desktop\agdev\base\debug\spatialpartition.obj
c:\users\janra\desktop\agdev\base\debug\spriteentity.obj
c:\users\janra\desktop\agdev\base\debug\dummy.obj
c:\users\janra\desktop\agdev\base\debug\textentity.obj
c:\users\janra\desktop\agdev\base\debug\transform.obj
c:\users\janra\desktop\agdev\base\debug\updatetransformation.obj
c:\users\janra\desktop\agdev\base\debug\grenadethrow.obj
c:\users\janra\desktop\agdev\base\debug\laserblaster.obj
c:\users\janra\desktop\agdev\base\debug\pistol.obj
c:\users\janra\desktop\agdev\base\debug\weaponinfo.obj
c:\users\janra\desktop\agdev\base\debug\enemy.obj
c:\users\janra\desktop\agdev\base\debug\entitymanager.obj
c:\users\janra\desktop\agdev\base\debug\fpscamera.obj
c:\users\janra\desktop\agdev\base\debug\genericentity.obj
c:\users\janra\desktop\agdev\base\debug\groundentity.obj
c:\users\janra\desktop\agdev\base\debug\introstate.obj
c:\users\janra\desktop\agdev\base\debug\levelofdetails.obj
c:\users\janra\desktop\agdev\base\debug\light.obj
c:\users\janra\desktop\agdev\base\debug\main.obj
c:\users\janra\desktop\agdev\base\debug\menustate.obj
c:\users\janra\desktop\agdev\base\debug\objmesh.obj
c:\users\janra\desktop\agdev\base\debug\particles.obj
c:\users\janra\desktop\agdev\base\debug\application.obj
c:\users\janra\desktop\agdev\debug\base.exe
c:\users\janra\desktop\agdev\debug\base.pdb
c:\users\janra\desktop\agdev\base\debug\base.tlog\cl.command.1.tlog
c:\users\janra\desktop\agdev\base\debug\base.tlog\cl.read.1.tlog
c:\users\janra\desktop\agdev\base\debug\base.tlog\cl.write.1.tlog
c:\users\janra\desktop\agdev\base\debug\base.tlog\link.command.1.tlog
c:\users\janra\desktop\agdev\base\debug\base.tlog\link.read.1.tlog
c:\users\janra\desktop\agdev\base\debug\base.tlog\link.write.1.tlog
>>>>>>> c34e18dd92054d3978a4352eedb9447a90975313
